<?xml version="1.0" encoding="utf-8"?><testsuites name="pytest tests"><testsuite name="pytest" errors="0" failures="0" skipped="0" tests="9" time="1.574" timestamp="2026-09-25T03:46:43.263916-04:00" hostname="aria-4.local"><testcase classname="tests.test_test_suite_runner" name="test_runner_rejects_empty_collection_without_skip" time="0.004" /><testcase classname="tests.test_test_suite_runner" name="test_runner_requires_every_collected_test_to_run" time="0.002" /><testcase classname="tests.test_test_suite_runner" name="test_runner_records_real_pytest_collection_and_skips[def test_success():\n    assert True\n-0-1]" time="0.155" /><testcase classname="tests.test_test_suite_runner" name="test_runner_records_real_pytest_collection_and_skips[import pytest\npytest.skip('optional backend unavailable', allow_module_level=True)\n-5-0]" time="0.142" /><testcase classname="tests.test_test_suite_runner" name="test_runner_records_real_pytest_collection_and_skips[import pytest\n@pytest.mark.skip(reason='precision contract')\ndef test_skip(): pass\n-0-1]" time="0.146" /><testcase classname="tests.test_test_suite_runner" name="test_runner_terminates_a_timed_out_process" time="0.114" /><testcase classname="tests.test_test_suite_runner" name="test_runner_verifies_wheel_bytes_inside_tox_directory" time="0.004" /><testcase classname="tests.test_test_suite_runner" name="test_runner_disables_background_watchdog_even_if_configured" time="0.339" /><testcase classname="tests.test_test_suite_runner" name="test_runner_requests_snapshot_only_after_wall_timeout" time="0.621" /></testsuite></testsuites>